{"/home/josh/JOSH/fraud/frontend/src/components/common/AuthGuard.tsx": {"path":"/home/josh/JOSH/fraud/frontend/src/components/common/AuthGuard.tsx","statementMap":{"0":{"start":{"line":11,"column":2},"end":{"line":22,"column":null}},"1":{"start":{"line":27,"column":66},"end":{"line":27,"column":null}},"2":{"start":{"line":28,"column":8},"end":{"line":28,"column":null}},"3":{"start":{"line":30,"column":2},"end":{"line":34,"column":null}},"4":{"start":{"line":31,"column":4},"end":{"line":33,"column":null}},"5":{"start":{"line":32,"column":6},"end":{"line":32,"column":null}},"6":{"start":{"line":37,"column":2},"end":{"line":39,"column":null}},"7":{"start":{"line":38,"column":4},"end":{"line":38,"column":null}},"8":{"start":{"line":42,"column":2},"end":{"line":44,"column":null}},"9":{"start":{"line":43,"column":4},"end":{"line":43,"column":null}},"10":{"start":{"line":46,"column":2},"end":{"line":46,"column":null}}},"fnMap":{"0":{"name":"LoadingScreen","decl":{"start":{"line":10,"column":9},"end":{"line":10,"column":25}},"loc":{"start":{"line":10,"column":25},"end":{"line":24,"column":null}},"line":10},"1":{"name":"AuthGuard","decl":{"start":{"line":26,"column":24},"end":{"line":26,"column":34}},"loc":{"start":{"line":26,"column":64},"end":{"line":47,"column":null}},"line":26},"2":{"name":"(anonymous_2)","decl":{"start":{"line":30,"column":12},"end":{"line":30,"column":18}},"loc":{"start":{"line":30,"column":18},"end":{"line":34,"column":5}},"line":30}},"branchMap":{"0":{"loc":{"start":{"line":31,"column":4},"end":{"line":33,"column":null}},"type":"if","locations":[{"start":{"line":31,"column":4},"end":{"line":33,"column":null}},{"start":{},"end":{}}],"line":31},"1":{"loc":{"start":{"line":37,"column":2},"end":{"line":39,"column":null}},"type":"if","locations":[{"start":{"line":37,"column":2},"end":{"line":39,"column":null}},{"start":{},"end":{}}],"line":37},"2":{"loc":{"start":{"line":37,"column":6},"end":{"line":37,"column":35}},"type":"binary-expr","locations":[{"start":{"line":37,"column":6},"end":{"line":37,"column":24}},{"start":{"line":37,"column":24},"end":{"line":37,"column":35}}],"line":37},"3":{"loc":{"start":{"line":42,"column":2},"end":{"line":44,"column":null}},"type":"if","locations":[{"start":{"line":42,"column":2},"end":{"line":44,"column":null}},{"start":{},"end":{}}],"line":42}},"s":{"0":2,"1":4,"2":4,"3":4,"4":4,"5":2,"6":4,"7":2,"8":2,"9":1,"10":1},"f":{"0":2,"1":4,"2":4},"b":{"0":[2,2],"1":[2,2],"2":[4,2],"3":[1,1]},"meta":{"lastBranch":4,"lastFunction":3,"lastStatement":11,"seen":{"f:10:9:10:25":0,"s:11:2:22:Infinity":0,"f:26:24:26:34":1,"s:27:66:27:Infinity":1,"s:28:8:28:Infinity":2,"s:30:2:34:Infinity":3,"f:30:12:30:18":2,"b:31:4:33:Infinity:undefined:undefined:undefined:undefined":0,"s:31:4:33:Infinity":4,"s:32:6:32:Infinity":5,"b:37:2:39:Infinity:undefined:undefined:undefined:undefined":1,"s:37:2:39:Infinity":6,"b:37:6:37:24:37:24:37:35":2,"s:38:4:38:Infinity":7,"b:42:2:44:Infinity:undefined:undefined:undefined:undefined":3,"s:42:2:44:Infinity":8,"s:43:4:43:Infinity":9,"s:46:2:46:Infinity":10}}}
,"/home/josh/JOSH/fraud/frontend/src/components/common/ErrorBoundary.tsx": {"path":"/home/josh/JOSH/fraud/frontend/src/components/common/ErrorBoundary.tsx","statementMap":{"0":{"start":{"line":16,"column":24},"end":{"line":19,"column":null}},"1":{"start":{"line":29,"column":24},"end":{"line":31,"column":null}},"2":{"start":{"line":22,"column":4},"end":{"line":22,"column":null}},"3":{"start":{"line":26,"column":4},"end":{"line":26,"column":null}},"4":{"start":{"line":30,"column":4},"end":{"line":30,"column":null}},"5":{"start":{"line":34,"column":4},"end":{"line":70,"column":null}},"6":{"start":{"line":35,"column":6},"end":{"line":37,"column":null}},"7":{"start":{"line":36,"column":8},"end":{"line":36,"column":null}},"8":{"start":{"line":39,"column":6},"end":{"line":68,"column":null}},"9":{"start":{"line":63,"column":37},"end":{"line":63,"column":63}},"10":{"start":{"line":72,"column":4},"end":{"line":72,"column":null}}},"fnMap":{"0":{"name":"(anonymous_0)","decl":{"start":{"line":21,"column":16},"end":{"line":21,"column":41}},"loc":{"start":{"line":21,"column":62},"end":{"line":23,"column":null}},"line":21},"1":{"name":"(anonymous_1)","decl":{"start":{"line":25,"column":9},"end":{"line":25,"column":27}},"loc":{"start":{"line":25,"column":63},"end":{"line":27,"column":null}},"line":25},"2":{"name":"(anonymous_2)","decl":{"start":{"line":29,"column":24},"end":{"line":29,"column":30}},"loc":{"start":{"line":29,"column":30},"end":{"line":31,"column":null}},"line":29},"3":{"name":"(anonymous_3)","decl":{"start":{"line":33,"column":9},"end":{"line":33,"column":18}},"loc":{"start":{"line":33,"column":18},"end":{"line":73,"column":null}},"line":33},"4":{"name":"(anonymous_4)","decl":{"start":{"line":63,"column":31},"end":{"line":63,"column":37}},"loc":{"start":{"line":63,"column":37},"end":{"line":63,"column":63}},"line":63}},"branchMap":{"0":{"loc":{"start":{"line":34,"column":4},"end":{"line":70,"column":null}},"type":"if","locations":[{"start":{"line":34,"column":4},"end":{"line":70,"column":null}},{"start":{},"end":{}}],"line":34},"1":{"loc":{"start":{"line":35,"column":6},"end":{"line":37,"column":null}},"type":"if","locations":[{"start":{"line":35,"column":6},"end":{"line":37,"column":null}},{"start":{},"end":{}}],"line":35},"2":{"loc":{"start":{"line":53,"column":13},"end":{"line":56,"column":null}},"type":"binary-expr","locations":[{"start":{"line":53,"column":13},"end":{"line":53,"column":null}},{"start":{"line":54,"column":14},"end":{"line":56,"column":null}}],"line":53}},"s":{"0":11,"1":1,"2":10,"3":5,"4":1,"5":22,"6":10,"7":2,"8":8,"9":0,"10":12},"f":{"0":11,"1":5,"2":1,"3":22,"4":0},"b":{"0":[10,12],"1":[2,8],"2":[8,8]},"meta":{"lastBranch":3,"lastFunction":5,"lastStatement":11,"seen":{"s:16:24:19:Infinity":0,"s:29:24:31:Infinity":1,"f:21:16:21:41":0,"s:22:4:22:Infinity":2,"f:25:9:25:27":1,"s:26:4:26:Infinity":3,"f:29:24:29:30":2,"s:30:4:30:Infinity":4,"f:33:9:33:18":3,"b:34:4:70:Infinity:undefined:undefined:undefined:undefined":0,"s:34:4:70:Infinity":5,"b:35:6:37:Infinity:undefined:undefined:undefined:undefined":1,"s:35:6:37:Infinity":6,"s:36:8:36:Infinity":7,"s:39:6:68:Infinity":8,"b:53:13:53:Infinity:54:14:56:Infinity":2,"f:63:31:63:37":4,"s:63:37:63:63":9,"s:72:4:72:Infinity":10}}}
,"/home/josh/JOSH/fraud/frontend/src/components/common/GuestGuard.tsx": {"path":"/home/josh/JOSH/fraud/frontend/src/components/common/GuestGuard.tsx","statementMap":{"0":{"start":{"line":11,"column":2},"end":{"line":22,"column":null}},"1":{"start":{"line":27,"column":66},"end":{"line":27,"column":null}},"2":{"start":{"line":28,"column":8},"end":{"line":28,"column":null}},"3":{"start":{"line":30,"column":2},"end":{"line":34,"column":null}},"4":{"start":{"line":31,"column":4},"end":{"line":33,"column":null}},"5":{"start":{"line":32,"column":6},"end":{"line":32,"column":null}},"6":{"start":{"line":37,"column":2},"end":{"line":39,"column":null}},"7":{"start":{"line":38,"column":4},"end":{"line":38,"column":null}},"8":{"start":{"line":42,"column":2},"end":{"line":46,"column":null}},"9":{"start":{"line":44,"column":7},"end":{"line":44,"column":null}},"10":{"start":{"line":45,"column":4},"end":{"line":45,"column":null}},"11":{"start":{"line":48,"column":2},"end":{"line":48,"column":null}}},"fnMap":{"0":{"name":"LoadingScreen","decl":{"start":{"line":10,"column":9},"end":{"line":10,"column":25}},"loc":{"start":{"line":10,"column":25},"end":{"line":24,"column":null}},"line":10},"1":{"name":"GuestGuard","decl":{"start":{"line":26,"column":24},"end":{"line":26,"column":35}},"loc":{"start":{"line":26,"column":66},"end":{"line":49,"column":null}},"line":26},"2":{"name":"(anonymous_2)","decl":{"start":{"line":30,"column":12},"end":{"line":30,"column":18}},"loc":{"start":{"line":30,"column":18},"end":{"line":34,"column":5}},"line":30}},"branchMap":{"0":{"loc":{"start":{"line":31,"column":4},"end":{"line":33,"column":null}},"type":"if","locations":[{"start":{"line":31,"column":4},"end":{"line":33,"column":null}},{"start":{},"end":{}}],"line":31},"1":{"loc":{"start":{"line":37,"column":2},"end":{"line":39,"column":null}},"type":"if","locations":[{"start":{"line":37,"column":2},"end":{"line":39,"column":null}},{"start":{},"end":{}}],"line":37},"2":{"loc":{"start":{"line":37,"column":6},"end":{"line":37,"column":35}},"type":"binary-expr","locations":[{"start":{"line":37,"column":6},"end":{"line":37,"column":24}},{"start":{"line":37,"column":24},"end":{"line":37,"column":35}}],"line":37},"3":{"loc":{"start":{"line":42,"column":2},"end":{"line":46,"column":null}},"type":"if","locations":[{"start":{"line":42,"column":2},"end":{"line":46,"column":null}},{"start":{},"end":{}}],"line":42},"4":{"loc":{"start":{"line":44,"column":7},"end":{"line":44,"column":null}},"type":"binary-expr","locations":[{"start":{"line":44,"column":7},"end":{"line":44,"column":65}},{"start":{"line":44,"column":65},"end":{"line":44,"column":null}}],"line":44}},"s":{"0":2,"1":4,"2":4,"3":4,"4":4,"5":2,"6":4,"7":2,"8":2,"9":1,"10":1,"11":1},"f":{"0":2,"1":4,"2":4},"b":{"0":[2,2],"1":[2,2],"2":[4,2],"3":[1,1],"4":[1,1]},"meta":{"lastBranch":5,"lastFunction":3,"lastStatement":12,"seen":{"f:10:9:10:25":0,"s:11:2:22:Infinity":0,"f:26:24:26:35":1,"s:27:66:27:Infinity":1,"s:28:8:28:Infinity":2,"s:30:2:34:Infinity":3,"f:30:12:30:18":2,"b:31:4:33:Infinity:undefined:undefined:undefined:undefined":0,"s:31:4:33:Infinity":4,"s:32:6:32:Infinity":5,"b:37:2:39:Infinity:undefined:undefined:undefined:undefined":1,"s:37:2:39:Infinity":6,"b:37:6:37:24:37:24:37:35":2,"s:38:4:38:Infinity":7,"b:42:2:46:Infinity:undefined:undefined:undefined:undefined":3,"s:42:2:46:Infinity":8,"s:44:7:44:Infinity":9,"b:44:7:44:65:44:65:44:Infinity":4,"s:45:4:45:Infinity":10,"s:48:2:48:Infinity":11}}}
,"/home/josh/JOSH/fraud/frontend/src/components/common/RoleGuard.tsx": {"path":"/home/josh/JOSH/fraud/frontend/src/components/common/RoleGuard.tsx","statementMap":{"0":{"start":{"line":17,"column":15},"end":{"line":17,"column":null}},"1":{"start":{"line":19,"column":2},"end":{"line":21,"column":null}},"2":{"start":{"line":20,"column":4},"end":{"line":20,"column":null}},"3":{"start":{"line":23,"column":2},"end":{"line":23,"column":null}}},"fnMap":{"0":{"name":"RoleGuard","decl":{"start":{"line":12,"column":24},"end":{"line":12,"column":34}},"loc":{"start":{"line":16,"column":19},"end":{"line":24,"column":null}},"line":16}},"branchMap":{"0":{"loc":{"start":{"line":15,"column":2},"end":{"line":15,"column":null}},"type":"default-arg","locations":[{"start":{"line":15,"column":17},"end":{"line":15,"column":null}}],"line":15},"1":{"loc":{"start":{"line":19,"column":2},"end":{"line":21,"column":null}},"type":"if","locations":[{"start":{"line":19,"column":2},"end":{"line":21,"column":null}},{"start":{},"end":{}}],"line":19},"2":{"loc":{"start":{"line":19,"column":6},"end":{"line":19,"column":50}},"type":"binary-expr","locations":[{"start":{"line":19,"column":6},"end":{"line":19,"column":15}},{"start":{"line":19,"column":15},"end":{"line":19,"column":50}}],"line":19}},"s":{"0":4,"1":4,"2":3,"3":1},"f":{"0":4},"b":{"0":[4],"1":[3,1],"2":[4,3]},"meta":{"lastBranch":3,"lastFunction":1,"lastStatement":4,"seen":{"f:12:24:12:34":0,"b:15:17:15:Infinity":0,"s:17:15:17:Infinity":0,"b:19:2:21:Infinity:undefined:undefined:undefined:undefined":1,"s:19:2:21:Infinity":1,"b:19:6:19:15:19:15:19:50":2,"s:20:4:20:Infinity":2,"s:23:2:23:Infinity":3}}}
,"/home/josh/JOSH/fraud/frontend/src/components/ui/alert.tsx": {"path":"/home/josh/JOSH/fraud/frontend/src/components/ui/alert.tsx","statementMap":{"0":{"start":{"line":6,"column":6},"end":{"line":22,"column":null}},"1":{"start":{"line":24,"column":16},"end":{"line":30,"column":null}},"2":{"start":{"line":38,"column":14},"end":{"line":52,"column":null}},"3":{"start":{"line":40,"column":17},"end":{"line":40,"column":null}},"4":{"start":{"line":42,"column":4},"end":{"line":49,"column":null}},"5":{"start":{"line":53,"column":0},"end":{"line":53,"column":null}}},"fnMap":{"0":{"name":"(anonymous_0)","decl":{"start":{"line":39,"column":2},"end":{"line":39,"column":3}},"loc":{"start":{"line":39,"column":74},"end":{"line":51,"column":null}},"line":39}},"branchMap":{"0":{"loc":{"start":{"line":39,"column":16},"end":{"line":39,"column":37}},"type":"default-arg","locations":[{"start":{"line":39,"column":26},"end":{"line":39,"column":37}}],"line":39},"1":{"loc":{"start":{"line":40,"column":25},"end":{"line":40,"column":45}},"type":"binary-expr","locations":[{"start":{"line":40,"column":25},"end":{"line":40,"column":36}},{"start":{"line":40,"column":36},"end":{"line":40,"column":45}}],"line":40},"2":{"loc":{"start":{"line":46,"column":11},"end":{"line":46,"column":null}},"type":"binary-expr","locations":[{"start":{"line":46,"column":11},"end":{"line":46,"column":20}},{"start":{"line":46,"column":20},"end":{"line":46,"column":null}}],"line":46}},"s":{"0":4,"1":4,"2":4,"3":10,"4":10,"5":4},"f":{"0":10},"b":{"0":[10],"1":[10,0],"2":[10,1]},"meta":{"lastBranch":3,"lastFunction":1,"lastStatement":6,"seen":{"s:6:6:22:Infinity":0,"s:24:16:30:Infinity":1,"s:38:14:52:Infinity":2,"f:39:2:39:3":0,"b:39:26:39:37":0,"s:40:17:40:Infinity":3,"b:40:25:40:36:40:36:40:45":1,"s:42:4:49:Infinity":4,"b:46:11:46:20:46:20:46:Infinity":2,"s:53:0:53:Infinity":5}}}
,"/home/josh/JOSH/fraud/frontend/src/components/ui/avatar.tsx": {"path":"/home/josh/JOSH/fraud/frontend/src/components/ui/avatar.tsx","statementMap":{"0":{"start":{"line":5,"column":15},"end":{"line":17,"column":null}},"1":{"start":{"line":9,"column":2},"end":{"line":16,"column":null}},"2":{"start":{"line":18,"column":0},"end":{"line":18,"column":null}},"3":{"start":{"line":20,"column":20},"end":{"line":29,"column":null}},"4":{"start":{"line":24,"column":2},"end":{"line":28,"column":null}},"5":{"start":{"line":30,"column":0},"end":{"line":30,"column":null}},"6":{"start":{"line":32,"column":23},"end":{"line":44,"column":null}},"7":{"start":{"line":36,"column":2},"end":{"line":43,"column":null}},"8":{"start":{"line":45,"column":0},"end":{"line":45,"column":null}}},"fnMap":{"0":{"name":"(anonymous_0)","decl":{"start":{"line":8,"column":2},"end":{"line":8,"column":3}},"loc":{"start":{"line":9,"column":2},"end":{"line":16,"column":null}},"line":9},"1":{"name":"(anonymous_1)","decl":{"start":{"line":23,"column":2},"end":{"line":23,"column":3}},"loc":{"start":{"line":24,"column":2},"end":{"line":28,"column":null}},"line":24},"2":{"name":"(anonymous_2)","decl":{"start":{"line":35,"column":2},"end":{"line":35,"column":3}},"loc":{"start":{"line":36,"column":2},"end":{"line":43,"column":null}},"line":36}},"branchMap":{},"s":{"0":4,"1":6,"2":4,"3":4,"4":1,"5":4,"6":4,"7":6,"8":4},"f":{"0":6,"1":1,"2":6},"b":{},"meta":{"lastBranch":0,"lastFunction":3,"lastStatement":9,"seen":{"s:5:15:17:Infinity":0,"f:8:2:8:3":0,"s:9:2:16:Infinity":1,"s:18:0:18:Infinity":2,"s:20:20:29:Infinity":3,"f:23:2:23:3":1,"s:24:2:28:Infinity":4,"s:30:0:30:Infinity":5,"s:32:23:44:Infinity":6,"f:35:2:35:3":2,"s:36:2:43:Infinity":7,"s:45:0:45:Infinity":8}}}
,"/home/josh/JOSH/fraud/frontend/src/components/ui/badge.tsx": {"path":"/home/josh/JOSH/fraud/frontend/src/components/ui/badge.tsx","statementMap":{"0":{"start":{"line":5,"column":6},"end":{"line":22,"column":null}},"1":{"start":{"line":29,"column":2},"end":{"line":29,"column":null}}},"fnMap":{"0":{"name":"Badge","decl":{"start":{"line":28,"column":9},"end":{"line":28,"column":15}},"loc":{"start":{"line":28,"column":61},"end":{"line":30,"column":null}},"line":28}},"branchMap":{},"s":{"0":4,"1":9},"f":{"0":9},"b":{},"meta":{"lastBranch":0,"lastFunction":1,"lastStatement":2,"seen":{"s:5:6:22:Infinity":0,"f:28:9:28:15":0,"s:29:2:29:Infinity":1}}}
,"/home/josh/JOSH/fraud/frontend/src/components/ui/button.tsx": {"path":"/home/josh/JOSH/fraud/frontend/src/components/ui/button.tsx","statementMap":{"0":{"start":{"line":6,"column":6},"end":{"line":30,"column":null}},"1":{"start":{"line":39,"column":15},"end":{"line":79,"column":null}},"2":{"start":{"line":41,"column":17},"end":{"line":41,"column":null}},"3":{"start":{"line":42,"column":4},"end":{"line":76,"column":null}},"4":{"start":{"line":80,"column":0},"end":{"line":80,"column":null}}},"fnMap":{"0":{"name":"(anonymous_0)","decl":{"start":{"line":40,"column":2},"end":{"line":40,"column":3}},"loc":{"start":{"line":40,"column":99},"end":{"line":78,"column":null}},"line":40}},"branchMap":{"0":{"loc":{"start":{"line":40,"column":31},"end":{"line":40,"column":48}},"type":"default-arg","locations":[{"start":{"line":40,"column":41},"end":{"line":40,"column":48}}],"line":40},"1":{"loc":{"start":{"line":41,"column":17},"end":{"line":41,"column":null}},"type":"cond-expr","locations":[{"start":{"line":41,"column":27},"end":{"line":41,"column":34}},{"start":{"line":41,"column":34},"end":{"line":41,"column":null}}],"line":41},"2":{"loc":{"start":{"line":46,"column":18},"end":{"line":46,"column":null}},"type":"binary-expr","locations":[{"start":{"line":46,"column":18},"end":{"line":46,"column":30}},{"start":{"line":46,"column":30},"end":{"line":46,"column":null}}],"line":46},"3":{"loc":{"start":{"line":49,"column":9},"end":{"line":74,"column":null}},"type":"cond-expr","locations":[{"start":{"line":50,"column":10},"end":{"line":72,"column":null}},{"start":{"line":74,"column":10},"end":{"line":74,"column":null}}],"line":49}},"s":{"0":4,"1":4,"2":30,"3":30,"4":4},"f":{"0":30},"b":{"0":[30],"1":[1,29],"2":[30,29],"3":[1,29]},"meta":{"lastBranch":4,"lastFunction":1,"lastStatement":5,"seen":{"s:6:6:30:Infinity":0,"s:39:15:79:Infinity":1,"f:40:2:40:3":0,"b:40:41:40:48":0,"s:41:17:41:Infinity":2,"b:41:27:41:34:41:34:41:Infinity":1,"s:42:4:76:Infinity":3,"b:46:18:46:30:46:30:46:Infinity":2,"b:50:10:72:Infinity:74:10:74:Infinity":3,"s:80:0:80:Infinity":4}}}
,"/home/josh/JOSH/fraud/frontend/src/components/ui/card.tsx": {"path":"/home/josh/JOSH/fraud/frontend/src/components/ui/card.tsx","statementMap":{"0":{"start":{"line":4,"column":13},"end":{"line":15,"column":null}},"1":{"start":{"line":6,"column":4},"end":{"line":13,"column":null}},"2":{"start":{"line":16,"column":0},"end":{"line":16,"column":null}},"3":{"start":{"line":18,"column":19},"end":{"line":22,"column":null}},"4":{"start":{"line":20,"column":4},"end":{"line":20,"column":null}},"5":{"start":{"line":23,"column":0},"end":{"line":23,"column":null}},"6":{"start":{"line":25,"column":18},"end":{"line":33,"column":null}},"7":{"start":{"line":27,"column":4},"end":{"line":31,"column":null}},"8":{"start":{"line":34,"column":0},"end":{"line":34,"column":null}},"9":{"start":{"line":36,"column":24},"end":{"line":41,"column":null}},"10":{"start":{"line":40,"column":2},"end":{"line":40,"column":null}},"11":{"start":{"line":42,"column":0},"end":{"line":42,"column":null}},"12":{"start":{"line":44,"column":20},"end":{"line":48,"column":null}},"13":{"start":{"line":46,"column":4},"end":{"line":46,"column":null}},"14":{"start":{"line":49,"column":0},"end":{"line":49,"column":null}},"15":{"start":{"line":51,"column":19},"end":{"line":55,"column":null}},"16":{"start":{"line":53,"column":4},"end":{"line":53,"column":null}},"17":{"start":{"line":56,"column":0},"end":{"line":56,"column":null}}},"fnMap":{"0":{"name":"(anonymous_0)","decl":{"start":{"line":5,"column":2},"end":{"line":5,"column":3}},"loc":{"start":{"line":6,"column":4},"end":{"line":13,"column":null}},"line":6},"1":{"name":"(anonymous_1)","decl":{"start":{"line":19,"column":2},"end":{"line":19,"column":3}},"loc":{"start":{"line":20,"column":4},"end":{"line":20,"column":null}},"line":20},"2":{"name":"(anonymous_2)","decl":{"start":{"line":26,"column":2},"end":{"line":26,"column":3}},"loc":{"start":{"line":27,"column":4},"end":{"line":31,"column":null}},"line":27},"3":{"name":"(anonymous_3)","decl":{"start":{"line":39,"column":2},"end":{"line":39,"column":3}},"loc":{"start":{"line":40,"column":2},"end":{"line":40,"column":null}},"line":40},"4":{"name":"(anonymous_4)","decl":{"start":{"line":45,"column":2},"end":{"line":45,"column":3}},"loc":{"start":{"line":46,"column":4},"end":{"line":46,"column":null}},"line":46},"5":{"name":"(anonymous_5)","decl":{"start":{"line":52,"column":2},"end":{"line":52,"column":3}},"loc":{"start":{"line":53,"column":4},"end":{"line":53,"column":null}},"line":53}},"branchMap":{},"s":{"0":4,"1":4,"2":4,"3":4,"4":2,"5":4,"6":4,"7":2,"8":4,"9":4,"10":2,"11":4,"12":4,"13":2,"14":4,"15":4,"16":2,"17":4},"f":{"0":4,"1":2,"2":2,"3":2,"4":2,"5":2},"b":{},"meta":{"lastBranch":0,"lastFunction":6,"lastStatement":18,"seen":{"s:4:13:15:Infinity":0,"f:5:2:5:3":0,"s:6:4:13:Infinity":1,"s:16:0:16:Infinity":2,"s:18:19:22:Infinity":3,"f:19:2:19:3":1,"s:20:4:20:Infinity":4,"s:23:0:23:Infinity":5,"s:25:18:33:Infinity":6,"f:26:2:26:3":2,"s:27:4:31:Infinity":7,"s:34:0:34:Infinity":8,"s:36:24:41:Infinity":9,"f:39:2:39:3":3,"s:40:2:40:Infinity":10,"s:42:0:42:Infinity":11,"s:44:20:48:Infinity":12,"f:45:2:45:3":4,"s:46:4:46:Infinity":13,"s:49:0:49:Infinity":14,"s:51:19:55:Infinity":15,"f:52:2:52:3":5,"s:53:4:53:Infinity":16,"s:56:0:56:Infinity":17}}}
,"/home/josh/JOSH/fraud/frontend/src/components/ui/date-picker.tsx": {"path":"/home/josh/JOSH/fraud/frontend/src/components/ui/date-picker.tsx","statementMap":{"0":{"start":{"line":19,"column":23},"end":{"line":21,"column":null}},"1":{"start":{"line":20,"column":4},"end":{"line":20,"column":null}},"2":{"start":{"line":23,"column":2},"end":{"line":33,"column":null}}},"fnMap":{"0":{"name":"DatePicker","decl":{"start":{"line":13,"column":16},"end":{"line":13,"column":27}},"loc":{"start":{"line":18,"column":20},"end":{"line":35,"column":null}},"line":18},"1":{"name":"(anonymous_1)","decl":{"start":{"line":19,"column":23},"end":{"line":19,"column":24}},"loc":{"start":{"line":19,"column":67},"end":{"line":21,"column":null}},"line":19}},"branchMap":{"0":{"loc":{"start":{"line":16,"column":2},"end":{"line":16,"column":null}},"type":"default-arg","locations":[{"start":{"line":16,"column":16},"end":{"line":16,"column":null}}],"line":16},"1":{"loc":{"start":{"line":20,"column":13},"end":{"line":20,"column":40}},"type":"binary-expr","locations":[{"start":{"line":20,"column":13},"end":{"line":20,"column":31}},{"start":{"line":20,"column":31},"end":{"line":20,"column":40}}],"line":20},"2":{"loc":{"start":{"line":28,"column":15},"end":{"line":28,"column":null}},"type":"binary-expr","locations":[{"start":{"line":28,"column":15},"end":{"line":28,"column":24}},{"start":{"line":28,"column":24},"end":{"line":28,"column":null}}],"line":28}},"s":{"0":0,"1":0,"2":0},"f":{"0":0,"1":0},"b":{"0":[0],"1":[0,0],"2":[0,0]},"meta":{"lastBranch":3,"lastFunction":2,"lastStatement":3,"seen":{"f:13:16:13:27":0,"b:16:16:16:Infinity":0,"s:19:23:21:Infinity":0,"f:19:23:19:24":1,"s:20:4:20:Infinity":1,"b:20:13:20:31:20:31:20:40":1,"s:23:2:33:Infinity":2,"b:28:15:28:24:28:24:28:Infinity":2}}}
,"/home/josh/JOSH/fraud/frontend/src/components/ui/dialog.tsx": {"path":"/home/josh/JOSH/fraud/frontend/src/components/ui/dialog.tsx","statementMap":{"0":{"start":{"line":6,"column":15},"end":{"line":6,"column":null}},"1":{"start":{"line":7,"column":22},"end":{"line":7,"column":null}},"2":{"start":{"line":8,"column":21},"end":{"line":8,"column":null}},"3":{"start":{"line":9,"column":20},"end":{"line":9,"column":null}},"4":{"start":{"line":11,"column":22},"end":{"line":23,"column":null}},"5":{"start":{"line":15,"column":2},"end":{"line":22,"column":null}},"6":{"start":{"line":24,"column":0},"end":{"line":24,"column":null}},"7":{"start":{"line":26,"column":22},"end":{"line":47,"column":null}},"8":{"start":{"line":30,"column":2},"end":{"line":46,"column":null}},"9":{"start":{"line":48,"column":0},"end":{"line":48,"column":null}},"10":{"start":{"line":50,"column":21},"end":{"line":60,"column":null}},"11":{"start":{"line":54,"column":2},"end":{"line":60,"column":null}},"12":{"start":{"line":62,"column":0},"end":{"line":62,"column":null}},"13":{"start":{"line":64,"column":21},"end":{"line":74,"column":null}},"14":{"start":{"line":68,"column":2},"end":{"line":74,"column":null}},"15":{"start":{"line":76,"column":0},"end":{"line":76,"column":null}},"16":{"start":{"line":78,"column":20},"end":{"line":90,"column":null}},"17":{"start":{"line":82,"column":2},"end":{"line":89,"column":null}},"18":{"start":{"line":91,"column":0},"end":{"line":91,"column":null}},"19":{"start":{"line":93,"column":26},"end":{"line":102,"column":null}},"20":{"start":{"line":97,"column":2},"end":{"line":101,"column":null}},"21":{"start":{"line":103,"column":0},"end":{"line":103,"column":null}}},"fnMap":{"0":{"name":"(anonymous_0)","decl":{"start":{"line":14,"column":2},"end":{"line":14,"column":3}},"loc":{"start":{"line":15,"column":2},"end":{"line":22,"column":null}},"line":15},"1":{"name":"(anonymous_1)","decl":{"start":{"line":29,"column":2},"end":{"line":29,"column":3}},"loc":{"start":{"line":30,"column":2},"end":{"line":46,"column":null}},"line":30},"2":{"name":"(anonymous_2)","decl":{"start":{"line":50,"column":21},"end":{"line":50,"column":22}},"loc":{"start":{"line":54,"column":2},"end":{"line":60,"column":null}},"line":54},"3":{"name":"(anonymous_3)","decl":{"start":{"line":64,"column":21},"end":{"line":64,"column":22}},"loc":{"start":{"line":68,"column":2},"end":{"line":74,"column":null}},"line":68},"4":{"name":"(anonymous_4)","decl":{"start":{"line":81,"column":2},"end":{"line":81,"column":3}},"loc":{"start":{"line":82,"column":2},"end":{"line":89,"column":null}},"line":82},"5":{"name":"(anonymous_5)","decl":{"start":{"line":96,"column":2},"end":{"line":96,"column":3}},"loc":{"start":{"line":97,"column":2},"end":{"line":101,"column":null}},"line":97}},"branchMap":{},"s":{"0":3,"1":3,"2":3,"3":3,"4":3,"5":0,"6":3,"7":3,"8":0,"9":3,"10":3,"11":0,"12":3,"13":3,"14":0,"15":3,"16":3,"17":0,"18":3,"19":3,"20":0,"21":3},"f":{"0":0,"1":0,"2":0,"3":0,"4":0,"5":0},"b":{},"meta":{"lastBranch":0,"lastFunction":6,"lastStatement":22,"seen":{"s:6:15:6:Infinity":0,"s:7:22:7:Infinity":1,"s:8:21:8:Infinity":2,"s:9:20:9:Infinity":3,"s:11:22:23:Infinity":4,"f:14:2:14:3":0,"s:15:2:22:Infinity":5,"s:24:0:24:Infinity":6,"s:26:22:47:Infinity":7,"f:29:2:29:3":1,"s:30:2:46:Infinity":8,"s:48:0:48:Infinity":9,"s:50:21:60:Infinity":10,"f:50:21:50:22":2,"s:54:2:60:Infinity":11,"s:62:0:62:Infinity":12,"s:64:21:74:Infinity":13,"f:64:21:64:22":3,"s:68:2:74:Infinity":14,"s:76:0:76:Infinity":15,"s:78:20:90:Infinity":16,"f:81:2:81:3":4,"s:82:2:89:Infinity":17,"s:91:0:91:Infinity":18,"s:93:26:102:Infinity":19,"f:96:2:96:3":5,"s:97:2:101:Infinity":20,"s:103:0:103:Infinity":21}}}
,"/home/josh/JOSH/fraud/frontend/src/components/ui/dropdown-menu.tsx": {"path":"/home/josh/JOSH/fraud/frontend/src/components/ui/dropdown-menu.tsx","statementMap":{"0":{"start":{"line":6,"column":21},"end":{"line":6,"column":null}},"1":{"start":{"line":7,"column":28},"end":{"line":7,"column":null}},"2":{"start":{"line":8,"column":26},"end":{"line":8,"column":null}},"3":{"start":{"line":9,"column":27},"end":{"line":9,"column":null}},"4":{"start":{"line":10,"column":24},"end":{"line":10,"column":null}},"5":{"start":{"line":11,"column":31},"end":{"line":11,"column":null}},"6":{"start":{"line":13,"column":31},"end":{"line":31,"column":null}},"7":{"start":{"line":19,"column":2},"end":{"line":30,"column":null}},"8":{"start":{"line":32,"column":0},"end":{"line":33,"column":null}},"9":{"start":{"line":35,"column":31},"end":{"line":47,"column":null}},"10":{"start":{"line":39,"column":2},"end":{"line":46,"column":null}},"11":{"start":{"line":48,"column":0},"end":{"line":49,"column":null}},"12":{"start":{"line":51,"column":28},"end":{"line":66,"column":null}},"13":{"start":{"line":55,"column":2},"end":{"line":65,"column":null}},"14":{"start":{"line":67,"column":0},"end":{"line":67,"column":null}},"15":{"start":{"line":69,"column":25},"end":{"line":84,"column":null}},"16":{"start":{"line":75,"column":2},"end":{"line":83,"column":null}},"17":{"start":{"line":85,"column":0},"end":{"line":85,"column":null}},"18":{"start":{"line":87,"column":33},"end":{"line":107,"column":null}},"19":{"start":{"line":91,"column":2},"end":{"line":106,"column":null}},"20":{"start":{"line":108,"column":0},"end":{"line":109,"column":null}},"21":{"start":{"line":111,"column":30},"end":{"line":130,"column":null}},"22":{"start":{"line":115,"column":2},"end":{"line":129,"column":null}},"23":{"start":{"line":131,"column":0},"end":{"line":131,"column":null}},"24":{"start":{"line":133,"column":26},"end":{"line":148,"column":null}},"25":{"start":{"line":139,"column":2},"end":{"line":147,"column":null}},"26":{"start":{"line":149,"column":0},"end":{"line":149,"column":null}},"27":{"start":{"line":151,"column":30},"end":{"line":163,"column":null}},"28":{"start":{"line":155,"column":2},"end":{"line":162,"column":null}},"29":{"start":{"line":164,"column":0},"end":{"line":164,"column":null}},"30":{"start":{"line":166,"column":29},"end":{"line":176,"column":null}},"31":{"start":{"line":170,"column":2},"end":{"line":174,"column":null}},"32":{"start":{"line":177,"column":0},"end":{"line":177,"column":null}}},"fnMap":{"0":{"name":"(anonymous_0)","decl":{"start":{"line":18,"column":2},"end":{"line":18,"column":3}},"loc":{"start":{"line":19,"column":2},"end":{"line":30,"column":null}},"line":19},"1":{"name":"(anonymous_1)","decl":{"start":{"line":38,"column":2},"end":{"line":38,"column":3}},"loc":{"start":{"line":39,"column":2},"end":{"line":46,"column":null}},"line":39},"2":{"name":"(anonymous_2)","decl":{"start":{"line":54,"column":2},"end":{"line":54,"column":3}},"loc":{"start":{"line":55,"column":2},"end":{"line":65,"column":null}},"line":55},"3":{"name":"(anonymous_3)","decl":{"start":{"line":74,"column":2},"end":{"line":74,"column":3}},"loc":{"start":{"line":75,"column":2},"end":{"line":83,"column":null}},"line":75},"4":{"name":"(anonymous_4)","decl":{"start":{"line":90,"column":2},"end":{"line":90,"column":3}},"loc":{"start":{"line":91,"column":2},"end":{"line":106,"column":null}},"line":91},"5":{"name":"(anonymous_5)","decl":{"start":{"line":114,"column":2},"end":{"line":114,"column":3}},"loc":{"start":{"line":115,"column":2},"end":{"line":129,"column":null}},"line":115},"6":{"name":"(anonymous_6)","decl":{"start":{"line":138,"column":2},"end":{"line":138,"column":3}},"loc":{"start":{"line":139,"column":2},"end":{"line":147,"column":null}},"line":139},"7":{"name":"(anonymous_7)","decl":{"start":{"line":154,"column":2},"end":{"line":154,"column":3}},"loc":{"start":{"line":155,"column":2},"end":{"line":162,"column":null}},"line":155},"8":{"name":"(anonymous_8)","decl":{"start":{"line":166,"column":29},"end":{"line":166,"column":30}},"loc":{"start":{"line":169,"column":45},"end":{"line":176,"column":null}},"line":169}},"branchMap":{"0":{"loc":{"start":{"line":23,"column":6},"end":{"line":23,"column":null}},"type":"binary-expr","locations":[{"start":{"line":23,"column":6},"end":{"line":23,"column":15}},{"start":{"line":23,"column":15},"end":{"line":23,"column":null}}],"line":23},"1":{"loc":{"start":{"line":54,"column":16},"end":{"line":54,"column":32}},"type":"default-arg","locations":[{"start":{"line":54,"column":29},"end":{"line":54,"column":32}}],"line":54},"2":{"loc":{"start":{"line":79,"column":6},"end":{"line":79,"column":null}},"type":"binary-expr","locations":[{"start":{"line":79,"column":6},"end":{"line":79,"column":15}},{"start":{"line":79,"column":15},"end":{"line":79,"column":null}}],"line":79},"3":{"loc":{"start":{"line":143,"column":6},"end":{"line":143,"column":null}},"type":"binary-expr","locations":[{"start":{"line":143,"column":6},"end":{"line":143,"column":15}},{"start":{"line":143,"column":15},"end":{"line":143,"column":null}}],"line":143}},"s":{"0":3,"1":3,"2":3,"3":3,"4":3,"5":3,"6":3,"7":0,"8":3,"9":3,"10":0,"11":3,"12":3,"13":0,"14":3,"15":3,"16":0,"17":3,"18":3,"19":0,"20":3,"21":3,"22":0,"23":3,"24":3,"25":0,"26":3,"27":3,"28":0,"29":3,"30":3,"31":0,"32":3},"f":{"0":0,"1":0,"2":0,"3":0,"4":0,"5":0,"6":0,"7":0,"8":0},"b":{"0":[0,0],"1":[0],"2":[0,0],"3":[0,0]},"meta":{"lastBranch":4,"lastFunction":9,"lastStatement":33,"seen":{"s:6:21:6:Infinity":0,"s:7:28:7:Infinity":1,"s:8:26:8:Infinity":2,"s:9:27:9:Infinity":3,"s:10:24:10:Infinity":4,"s:11:31:11:Infinity":5,"s:13:31:31:Infinity":6,"f:18:2:18:3":0,"s:19:2:30:Infinity":7,"b:23:6:23:15:23:15:23:Infinity":0,"s:32:0:33:Infinity":8,"s:35:31:47:Infinity":9,"f:38:2:38:3":1,"s:39:2:46:Infinity":10,"s:48:0:49:Infinity":11,"s:51:28:66:Infinity":12,"f:54:2:54:3":2,"s:55:2:65:Infinity":13,"b:54:29:54:32":1,"s:67:0:67:Infinity":14,"s:69:25:84:Infinity":15,"f:74:2:74:3":3,"s:75:2:83:Infinity":16,"b:79:6:79:15:79:15:79:Infinity":2,"s:85:0:85:Infinity":17,"s:87:33:107:Infinity":18,"f:90:2:90:3":4,"s:91:2:106:Infinity":19,"s:108:0:109:Infinity":20,"s:111:30:130:Infinity":21,"f:114:2:114:3":5,"s:115:2:129:Infinity":22,"s:131:0:131:Infinity":23,"s:133:26:148:Infinity":24,"f:138:2:138:3":6,"s:139:2:147:Infinity":25,"b:143:6:143:15:143:15:143:Infinity":3,"s:149:0:149:Infinity":26,"s:151:30:163:Infinity":27,"f:154:2:154:3":7,"s:155:2:162:Infinity":28,"s:164:0:164:Infinity":29,"s:166:29:176:Infinity":30,"f:166:29:166:30":8,"s:170:2:174:Infinity":31,"s:177:0:177:Infinity":32}}}
,"/home/josh/JOSH/fraud/frontend/src/components/ui/input.tsx": {"path":"/home/josh/JOSH/fraud/frontend/src/components/ui/input.tsx","statementMap":{"0":{"start":{"line":8,"column":14},"end":{"line":25,"column":null}},"1":{"start":{"line":10,"column":4},"end":{"line":22,"column":null}},"2":{"start":{"line":26,"column":0},"end":{"line":26,"column":null}}},"fnMap":{"0":{"name":"(anonymous_0)","decl":{"start":{"line":9,"column":2},"end":{"line":9,"column":3}},"loc":{"start":{"line":9,"column":49},"end":{"line":24,"column":null}},"line":9}},"branchMap":{"0":{"loc":{"start":{"line":15,"column":10},"end":{"line":17,"column":null}},"type":"cond-expr","locations":[{"start":{"line":16,"column":14},"end":{"line":16,"column":null}},{"start":{"line":17,"column":14},"end":{"line":17,"column":null}}],"line":15}},"s":{"0":4,"1":10,"2":4},"f":{"0":10},"b":{"0":[1,9]},"meta":{"lastBranch":1,"lastFunction":1,"lastStatement":3,"seen":{"s:8:14:25:Infinity":0,"f:9:2:9:3":0,"s:10:4:22:Infinity":1,"b:16:14:16:Infinity:17:14:17:Infinity":0,"s:26:0:26:Infinity":2}}}
,"/home/josh/JOSH/fraud/frontend/src/components/ui/label.tsx": {"path":"/home/josh/JOSH/fraud/frontend/src/components/ui/label.tsx","statementMap":{"0":{"start":{"line":6,"column":6},"end":{"line":8,"column":null}},"1":{"start":{"line":17,"column":14},"end":{"line":29,"column":null}},"2":{"start":{"line":21,"column":2},"end":{"line":28,"column":null}},"3":{"start":{"line":30,"column":0},"end":{"line":30,"column":null}}},"fnMap":{"0":{"name":"(anonymous_0)","decl":{"start":{"line":20,"column":2},"end":{"line":20,"column":3}},"loc":{"start":{"line":21,"column":2},"end":{"line":28,"column":null}},"line":21}},"branchMap":{"0":{"loc":{"start":{"line":27,"column":5},"end":{"line":27,"column":null}},"type":"binary-expr","locations":[{"start":{"line":27,"column":5},"end":{"line":27,"column":17}},{"start":{"line":27,"column":17},"end":{"line":27,"column":null}}],"line":27}},"s":{"0":4,"1":4,"2":6,"3":4},"f":{"0":6},"b":{"0":[6,1]},"meta":{"lastBranch":1,"lastFunction":1,"lastStatement":4,"seen":{"s:6:6:8:Infinity":0,"s:17:14:29:Infinity":1,"f:20:2:20:3":0,"s:21:2:28:Infinity":2,"b:27:5:27:17:27:17:27:Infinity":0,"s:30:0:30:Infinity":3}}}
,"/home/josh/JOSH/fraud/frontend/src/components/ui/scroll-area.tsx": {"path":"/home/josh/JOSH/fraud/frontend/src/components/ui/scroll-area.tsx","statementMap":{"0":{"start":{"line":5,"column":19},"end":{"line":20,"column":null}},"1":{"start":{"line":9,"column":2},"end":{"line":19,"column":null}},"2":{"start":{"line":21,"column":0},"end":{"line":21,"column":null}},"3":{"start":{"line":23,"column":18},"end":{"line":42,"column":null}},"4":{"start":{"line":27,"column":2},"end":{"line":41,"column":null}},"5":{"start":{"line":43,"column":0},"end":{"line":43,"column":null}}},"fnMap":{"0":{"name":"(anonymous_0)","decl":{"start":{"line":8,"column":2},"end":{"line":8,"column":3}},"loc":{"start":{"line":9,"column":2},"end":{"line":19,"column":null}},"line":9},"1":{"name":"(anonymous_1)","decl":{"start":{"line":26,"column":2},"end":{"line":26,"column":3}},"loc":{"start":{"line":27,"column":2},"end":{"line":41,"column":null}},"line":27}},"branchMap":{"0":{"loc":{"start":{"line":26,"column":16},"end":{"line":26,"column":42}},"type":"default-arg","locations":[{"start":{"line":26,"column":30},"end":{"line":26,"column":42}}],"line":26},"1":{"loc":{"start":{"line":32,"column":6},"end":{"line":33,"column":null}},"type":"binary-expr","locations":[{"start":{"line":32,"column":6},"end":{"line":32,"column":null}},{"start":{"line":33,"column":8},"end":{"line":33,"column":null}}],"line":32},"2":{"loc":{"start":{"line":34,"column":6},"end":{"line":35,"column":null}},"type":"binary-expr","locations":[{"start":{"line":34,"column":6},"end":{"line":34,"column":null}},{"start":{"line":35,"column":8},"end":{"line":35,"column":null}}],"line":34}},"s":{"0":3,"1":0,"2":3,"3":3,"4":0,"5":3},"f":{"0":0,"1":0},"b":{"0":[0],"1":[0,0],"2":[0,0]},"meta":{"lastBranch":3,"lastFunction":2,"lastStatement":6,"seen":{"s:5:19:20:Infinity":0,"f:8:2:8:3":0,"s:9:2:19:Infinity":1,"s:21:0:21:Infinity":2,"s:23:18:42:Infinity":3,"f:26:2:26:3":1,"s:27:2:41:Infinity":4,"b:26:30:26:42":0,"b:32:6:32:Infinity:33:8:33:Infinity":1,"b:34:6:34:Infinity:35:8:35:Infinity":2,"s:43:0:43:Infinity":5}}}
,"/home/josh/JOSH/fraud/frontend/src/components/ui/select.tsx": {"path":"/home/josh/JOSH/fraud/frontend/src/components/ui/select.tsx","statementMap":{"0":{"start":{"line":6,"column":15},"end":{"line":6,"column":null}},"1":{"start":{"line":7,"column":20},"end":{"line":7,"column":null}},"2":{"start":{"line":8,"column":20},"end":{"line":8,"column":null}},"3":{"start":{"line":10,"column":22},"end":{"line":32,"column":null}},"4":{"start":{"line":16,"column":2},"end":{"line":31,"column":null}},"5":{"start":{"line":33,"column":0},"end":{"line":33,"column":null}},"6":{"start":{"line":35,"column":29},"end":{"line":49,"column":null}},"7":{"start":{"line":39,"column":2},"end":{"line":48,"column":null}},"8":{"start":{"line":50,"column":0},"end":{"line":50,"column":null}},"9":{"start":{"line":52,"column":31},"end":{"line":66,"column":null}},"10":{"start":{"line":56,"column":2},"end":{"line":65,"column":null}},"11":{"start":{"line":67,"column":0},"end":{"line":68,"column":null}},"12":{"start":{"line":70,"column":22},"end":{"line":99,"column":null}},"13":{"start":{"line":74,"column":2},"end":{"line":98,"column":null}},"14":{"start":{"line":100,"column":0},"end":{"line":100,"column":null}},"15":{"start":{"line":102,"column":20},"end":{"line":111,"column":null}},"16":{"start":{"line":106,"column":2},"end":{"line":110,"column":null}},"17":{"start":{"line":112,"column":0},"end":{"line":112,"column":null}},"18":{"start":{"line":114,"column":19},"end":{"line":133,"column":null}},"19":{"start":{"line":118,"column":2},"end":{"line":132,"column":null}},"20":{"start":{"line":134,"column":0},"end":{"line":134,"column":null}},"21":{"start":{"line":136,"column":24},"end":{"line":148,"column":null}},"22":{"start":{"line":140,"column":2},"end":{"line":147,"column":null}},"23":{"start":{"line":149,"column":0},"end":{"line":149,"column":null}}},"fnMap":{"0":{"name":"(anonymous_0)","decl":{"start":{"line":15,"column":2},"end":{"line":15,"column":3}},"loc":{"start":{"line":16,"column":2},"end":{"line":31,"column":null}},"line":16},"1":{"name":"(anonymous_1)","decl":{"start":{"line":38,"column":2},"end":{"line":38,"column":3}},"loc":{"start":{"line":39,"column":2},"end":{"line":48,"column":null}},"line":39},"2":{"name":"(anonymous_2)","decl":{"start":{"line":55,"column":2},"end":{"line":55,"column":3}},"loc":{"start":{"line":56,"column":2},"end":{"line":65,"column":null}},"line":56},"3":{"name":"(anonymous_3)","decl":{"start":{"line":73,"column":2},"end":{"line":73,"column":3}},"loc":{"start":{"line":74,"column":2},"end":{"line":98,"column":null}},"line":74},"4":{"name":"(anonymous_4)","decl":{"start":{"line":105,"column":2},"end":{"line":105,"column":3}},"loc":{"start":{"line":106,"column":2},"end":{"line":110,"column":null}},"line":106},"5":{"name":"(anonymous_5)","decl":{"start":{"line":117,"column":2},"end":{"line":117,"column":3}},"loc":{"start":{"line":118,"column":2},"end":{"line":132,"column":null}},"line":118},"6":{"name":"(anonymous_6)","decl":{"start":{"line":139,"column":2},"end":{"line":139,"column":3}},"loc":{"start":{"line":140,"column":2},"end":{"line":147,"column":null}},"line":140}},"branchMap":{"0":{"loc":{"start":{"line":20,"column":6},"end":{"line":22,"column":null}},"type":"cond-expr","locations":[{"start":{"line":21,"column":10},"end":{"line":21,"column":null}},{"start":{"line":22,"column":10},"end":{"line":22,"column":null}}],"line":20},"1":{"loc":{"start":{"line":73,"column":26},"end":{"line":73,"column":47}},"type":"default-arg","locations":[{"start":{"line":73,"column":37},"end":{"line":73,"column":47}}],"line":73},"2":{"loc":{"start":{"line":79,"column":8},"end":{"line":80,"column":null}},"type":"binary-expr","locations":[{"start":{"line":79,"column":8},"end":{"line":79,"column":null}},{"start":{"line":80,"column":10},"end":{"line":80,"column":null}}],"line":79},"3":{"loc":{"start":{"line":90,"column":10},"end":{"line":91,"column":null}},"type":"binary-expr","locations":[{"start":{"line":90,"column":10},"end":{"line":90,"column":null}},{"start":{"line":91,"column":12},"end":{"line":91,"column":null}}],"line":90}},"s":{"0":3,"1":3,"2":3,"3":3,"4":0,"5":3,"6":3,"7":0,"8":3,"9":3,"10":0,"11":3,"12":3,"13":0,"14":3,"15":3,"16":0,"17":3,"18":3,"19":0,"20":3,"21":3,"22":0,"23":3},"f":{"0":0,"1":0,"2":0,"3":0,"4":0,"5":0,"6":0},"b":{"0":[0,0],"1":[0],"2":[0,0],"3":[0,0]},"meta":{"lastBranch":4,"lastFunction":7,"lastStatement":24,"seen":{"s:6:15:6:Infinity":0,"s:7:20:7:Infinity":1,"s:8:20:8:Infinity":2,"s:10:22:32:Infinity":3,"f:15:2:15:3":0,"s:16:2:31:Infinity":4,"b:21:10:21:Infinity:22:10:22:Infinity":0,"s:33:0:33:Infinity":5,"s:35:29:49:Infinity":6,"f:38:2:38:3":1,"s:39:2:48:Infinity":7,"s:50:0:50:Infinity":8,"s:52:31:66:Infinity":9,"f:55:2:55:3":2,"s:56:2:65:Infinity":10,"s:67:0:68:Infinity":11,"s:70:22:99:Infinity":12,"f:73:2:73:3":3,"s:74:2:98:Infinity":13,"b:73:37:73:47":1,"b:79:8:79:Infinity:80:10:80:Infinity":2,"b:90:10:90:Infinity:91:12:91:Infinity":3,"s:100:0:100:Infinity":14,"s:102:20:111:Infinity":15,"f:105:2:105:3":4,"s:106:2:110:Infinity":16,"s:112:0:112:Infinity":17,"s:114:19:133:Infinity":18,"f:117:2:117:3":5,"s:118:2:132:Infinity":19,"s:134:0:134:Infinity":20,"s:136:24:148:Infinity":21,"f:139:2:139:3":6,"s:140:2:147:Infinity":22,"s:149:0:149:Infinity":23}}}
,"/home/josh/JOSH/fraud/frontend/src/components/ui/separator.tsx": {"path":"/home/josh/JOSH/fraud/frontend/src/components/ui/separator.tsx","statementMap":{"0":{"start":{"line":5,"column":18},"end":{"line":20,"column":null}},"1":{"start":{"line":9,"column":2},"end":{"line":19,"column":null}},"2":{"start":{"line":21,"column":0},"end":{"line":21,"column":null}}},"fnMap":{"0":{"name":"(anonymous_0)","decl":{"start":{"line":8,"column":2},"end":{"line":8,"column":3}},"loc":{"start":{"line":9,"column":2},"end":{"line":19,"column":null}},"line":9}},"branchMap":{"0":{"loc":{"start":{"line":8,"column":16},"end":{"line":8,"column":44}},"type":"default-arg","locations":[{"start":{"line":8,"column":30},"end":{"line":8,"column":44}}],"line":8},"1":{"loc":{"start":{"line":8,"column":44},"end":{"line":8,"column":63}},"type":"default-arg","locations":[{"start":{"line":8,"column":57},"end":{"line":8,"column":63}}],"line":8},"2":{"loc":{"start":{"line":15,"column":6},"end":{"line":15,"column":null}},"type":"cond-expr","locations":[{"start":{"line":15,"column":37},"end":{"line":15,"column":56}},{"start":{"line":15,"column":56},"end":{"line":15,"column":null}}],"line":15}},"s":{"0":4,"1":5,"2":4},"f":{"0":5},"b":{"0":[5],"1":[5],"2":[4,1]},"meta":{"lastBranch":3,"lastFunction":1,"lastStatement":3,"seen":{"s:5:18:20:Infinity":0,"f:8:2:8:3":0,"s:9:2:19:Infinity":1,"b:8:30:8:44":0,"b:8:57:8:63":1,"b:15:37:15:56:15:56:15:Infinity":2,"s:21:0:21:Infinity":2}}}
,"/home/josh/JOSH/fraud/frontend/src/components/ui/skeleton.tsx": {"path":"/home/josh/JOSH/fraud/frontend/src/components/ui/skeleton.tsx","statementMap":{"0":{"start":{"line":8,"column":2},"end":{"line":20,"column":null}},"1":{"start":{"line":26,"column":2},"end":{"line":35,"column":null}},"2":{"start":{"line":40,"column":2},"end":{"line":56,"column":null}},"3":{"start":{"line":49,"column":8},"end":{"line":54,"column":null}},"4":{"start":{"line":61,"column":2},"end":{"line":73,"column":null}},"5":{"start":{"line":64,"column":8},"end":{"line":71,"column":null}}},"fnMap":{"0":{"name":"Skeleton","decl":{"start":{"line":7,"column":9},"end":{"line":7,"column":18}},"loc":{"start":{"line":7,"column":79},"end":{"line":22,"column":null}},"line":7},"1":{"name":"SkeletonCard","decl":{"start":{"line":25,"column":9},"end":{"line":25,"column":24}},"loc":{"start":{"line":25,"column":24},"end":{"line":37,"column":null}},"line":25},"2":{"name":"SkeletonTable","decl":{"start":{"line":39,"column":9},"end":{"line":39,"column":23}},"loc":{"start":{"line":39,"column":56},"end":{"line":58,"column":null}},"line":39},"3":{"name":"(anonymous_3)","decl":{"start":{"line":48,"column":40},"end":{"line":48,"column":41}},"loc":{"start":{"line":49,"column":8},"end":{"line":54,"column":null}},"line":49},"4":{"name":"SkeletonStats","decl":{"start":{"line":60,"column":9},"end":{"line":60,"column":25}},"loc":{"start":{"line":60,"column":25},"end":{"line":75,"column":null}},"line":60},"5":{"name":"(anonymous_5)","decl":{"start":{"line":63,"column":37},"end":{"line":63,"column":38}},"loc":{"start":{"line":64,"column":8},"end":{"line":71,"column":null}},"line":64}},"branchMap":{"0":{"loc":{"start":{"line":7,"column":31},"end":{"line":7,"column":52}},"type":"default-arg","locations":[{"start":{"line":7,"column":41},"end":{"line":7,"column":52}}],"line":7},"1":{"loc":{"start":{"line":39,"column":25},"end":{"line":39,"column":34}},"type":"default-arg","locations":[{"start":{"line":39,"column":32},"end":{"line":39,"column":34}}],"line":39}},"s":{"0":17,"1":0,"2":0,"3":0,"4":0,"5":0},"f":{"0":17,"1":0,"2":0,"3":0,"4":0,"5":0},"b":{"0":[17],"1":[0]},"meta":{"lastBranch":2,"lastFunction":6,"lastStatement":6,"seen":{"f:7:9:7:18":0,"b:7:41:7:52":0,"s:8:2:20:Infinity":0,"f:25:9:25:24":1,"s:26:2:35:Infinity":1,"f:39:9:39:23":2,"b:39:32:39:34":1,"s:40:2:56:Infinity":2,"f:48:40:48:41":3,"s:49:8:54:Infinity":3,"f:60:9:60:25":4,"s:61:2:73:Infinity":4,"f:63:37:63:38":5,"s:64:8:71:Infinity":5}}}
,"/home/josh/JOSH/fraud/frontend/src/components/ui/textarea.tsx": {"path":"/home/josh/JOSH/fraud/frontend/src/components/ui/textarea.tsx","statementMap":{"0":{"start":{"line":8,"column":17},"end":{"line":24,"column":null}},"1":{"start":{"line":10,"column":4},"end":{"line":21,"column":null}},"2":{"start":{"line":25,"column":0},"end":{"line":25,"column":null}}},"fnMap":{"0":{"name":"(anonymous_0)","decl":{"start":{"line":9,"column":2},"end":{"line":9,"column":3}},"loc":{"start":{"line":9,"column":43},"end":{"line":23,"column":null}},"line":9}},"branchMap":{"0":{"loc":{"start":{"line":14,"column":10},"end":{"line":16,"column":null}},"type":"cond-expr","locations":[{"start":{"line":15,"column":14},"end":{"line":15,"column":null}},{"start":{"line":16,"column":14},"end":{"line":16,"column":null}}],"line":14}},"s":{"0":4,"1":8,"2":4},"f":{"0":8},"b":{"0":[1,7]},"meta":{"lastBranch":1,"lastFunction":1,"lastStatement":3,"seen":{"s:8:17:24:Infinity":0,"f:9:2:9:3":0,"s:10:4:21:Infinity":1,"b:15:14:15:Infinity:16:14:16:Infinity":0,"s:25:0:25:Infinity":2}}}
,"/home/josh/JOSH/fraud/frontend/src/components/ui/tooltip.tsx": {"path":"/home/josh/JOSH/fraud/frontend/src/components/ui/tooltip.tsx","statementMap":{"0":{"start":{"line":5,"column":24},"end":{"line":5,"column":null}},"1":{"start":{"line":7,"column":16},"end":{"line":7,"column":null}},"2":{"start":{"line":9,"column":23},"end":{"line":9,"column":null}},"3":{"start":{"line":11,"column":23},"end":{"line":24,"column":null}},"4":{"start":{"line":15,"column":2},"end":{"line":23,"column":null}},"5":{"start":{"line":25,"column":0},"end":{"line":25,"column":null}}},"fnMap":{"0":{"name":"(anonymous_0)","decl":{"start":{"line":14,"column":2},"end":{"line":14,"column":3}},"loc":{"start":{"line":15,"column":2},"end":{"line":23,"column":null}},"line":15}},"branchMap":{"0":{"loc":{"start":{"line":14,"column":16},"end":{"line":14,"column":32}},"type":"default-arg","locations":[{"start":{"line":14,"column":29},"end":{"line":14,"column":32}}],"line":14}},"s":{"0":4,"1":4,"2":4,"3":4,"4":2,"5":4},"f":{"0":2},"b":{"0":[2]},"meta":{"lastBranch":1,"lastFunction":1,"lastStatement":6,"seen":{"s:5:24:5:Infinity":0,"s:7:16:7:Infinity":1,"s:9:23:9:Infinity":2,"s:11:23:24:Infinity":3,"f:14:2:14:3":0,"s:15:2:23:Infinity":4,"b:14:29:14:32":0,"s:25:0:25:Infinity":5}}}
,"/home/josh/JOSH/fraud/frontend/src/features/auth/schemas/auth.schema.ts": {"path":"/home/josh/JOSH/fraud/frontend/src/features/auth/schemas/auth.schema.ts","statementMap":{"0":{"start":{"line":3,"column":27},"end":{"line":9,"column":null}},"1":{"start":{"line":11,"column":30},"end":{"line":50,"column":null}},"2":{"start":{"line":47,"column":20},"end":{"line":47,"column":66}}},"fnMap":{"0":{"name":"(anonymous_0)","decl":{"start":{"line":47,"column":10},"end":{"line":47,"column":11}},"loc":{"start":{"line":47,"column":20},"end":{"line":47,"column":66}},"line":47}},"branchMap":{},"s":{"0":1,"1":1,"2":11},"f":{"0":11},"b":{},"meta":{"lastBranch":0,"lastFunction":1,"lastStatement":3,"seen":{"s:3:27:9:Infinity":0,"s:11:30:50:Infinity":1,"f:47:10:47:11":0,"s:47:20:47:66":2}}}
,"/home/josh/JOSH/fraud/frontend/src/hooks/useDebounce.ts": {"path":"/home/josh/JOSH/fraud/frontend/src/hooks/useDebounce.ts","statementMap":{"0":{"start":{"line":4,"column":42},"end":{"line":4,"column":null}},"1":{"start":{"line":6,"column":2},"end":{"line":14,"column":null}},"2":{"start":{"line":7,"column":18},"end":{"line":9,"column":null}},"3":{"start":{"line":8,"column":6},"end":{"line":8,"column":null}},"4":{"start":{"line":11,"column":4},"end":{"line":13,"column":null}},"5":{"start":{"line":12,"column":6},"end":{"line":12,"column":null}},"6":{"start":{"line":16,"column":2},"end":{"line":16,"column":null}}},"fnMap":{"0":{"name":"useDebounce","decl":{"start":{"line":3,"column":16},"end":{"line":3,"column":31}},"loc":{"start":{"line":3,"column":65},"end":{"line":17,"column":null}},"line":3},"1":{"name":"(anonymous_1)","decl":{"start":{"line":6,"column":12},"end":{"line":6,"column":18}},"loc":{"start":{"line":6,"column":18},"end":{"line":14,"column":5}},"line":6},"2":{"name":"(anonymous_2)","decl":{"start":{"line":7,"column":29},"end":{"line":7,"column":35}},"loc":{"start":{"line":7,"column":35},"end":{"line":9,"column":7}},"line":7},"3":{"name":"(anonymous_3)","decl":{"start":{"line":11,"column":11},"end":{"line":11,"column":17}},"loc":{"start":{"line":11,"column":17},"end":{"line":13,"column":null}},"line":11}},"branchMap":{"0":{"loc":{"start":{"line":3,"column":41},"end":{"line":3,"column":65}},"type":"default-arg","locations":[{"start":{"line":3,"column":57},"end":{"line":3,"column":65}}],"line":3}},"s":{"0":14,"1":14,"2":10,"3":4,"4":10,"5":10,"6":14},"f":{"0":14,"1":10,"2":4,"3":10},"b":{"0":[14]},"meta":{"lastBranch":1,"lastFunction":4,"lastStatement":7,"seen":{"f:3:16:3:31":0,"b:3:57:3:65":0,"s:4:42:4:Infinity":0,"s:6:2:14:Infinity":1,"f:6:12:6:18":1,"s:7:18:9:Infinity":2,"f:7:29:7:35":2,"s:8:6:8:Infinity":3,"s:11:4:13:Infinity":4,"f:11:11:11:17":3,"s:12:6:12:Infinity":5,"s:16:2:16:Infinity":6}}}
,"/home/josh/JOSH/fraud/frontend/src/hooks/useDebouncedCallback.ts": {"path":"/home/josh/JOSH/fraud/frontend/src/hooks/useDebouncedCallback.ts","statementMap":{"0":{"start":{"line":7,"column":8},"end":{"line":7,"column":null}},"1":{"start":{"line":9,"column":2},"end":{"line":20,"column":null}},"2":{"start":{"line":11,"column":6},"end":{"line":13,"column":null}},"3":{"start":{"line":12,"column":8},"end":{"line":12,"column":null}},"4":{"start":{"line":15,"column":6},"end":{"line":17,"column":null}},"5":{"start":{"line":16,"column":8},"end":{"line":16,"column":null}}},"fnMap":{"0":{"name":"useDebouncedCallback","decl":{"start":{"line":3,"column":16},"end":{"line":3,"column":null}},"loc":{"start":{"line":6,"column":5},"end":{"line":21,"column":null}},"line":6},"1":{"name":"(anonymous_1)","decl":{"start":{"line":10,"column":5},"end":{"line":10,"column":9}},"loc":{"start":{"line":10,"column":18},"end":{"line":18,"column":null}},"line":10},"2":{"name":"(anonymous_2)","decl":{"start":{"line":15,"column":38},"end":{"line":15,"column":44}},"loc":{"start":{"line":15,"column":44},"end":{"line":17,"column":9}},"line":15}},"branchMap":{"0":{"loc":{"start":{"line":5,"column":2},"end":{"line":5,"column":null}},"type":"default-arg","locations":[{"start":{"line":5,"column":18},"end":{"line":5,"column":null}}],"line":5},"1":{"loc":{"start":{"line":11,"column":6},"end":{"line":13,"column":null}},"type":"if","locations":[{"start":{"line":11,"column":6},"end":{"line":13,"column":null}},{"start":{},"end":{}}],"line":11}},"s":{"0":6,"1":6,"2":5,"3":1,"4":5,"5":4},"f":{"0":6,"1":5,"2":4},"b":{"0":[6],"1":[1,4]},"meta":{"lastBranch":2,"lastFunction":3,"lastStatement":6,"seen":{"f:3:16:3:Infinity":0,"b:5:18:5:Infinity":0,"s:7:8:7:Infinity":0,"s:9:2:20:Infinity":1,"f:10:5:10:9":1,"b:11:6:13:Infinity:undefined:undefined:undefined:undefined":1,"s:11:6:13:Infinity":2,"s:12:8:12:Infinity":3,"s:15:6:17:Infinity":4,"f:15:38:15:44":2,"s:16:8:16:Infinity":5}}}
,"/home/josh/JOSH/fraud/frontend/src/store/slices/authSlice.ts": {"path":"/home/josh/JOSH/fraud/frontend/src/store/slices/authSlice.ts","statementMap":{"0":{"start":{"line":11,"column":32},"end":{"line":16,"column":null}},"1":{"start":{"line":18,"column":6},"end":{"line":37,"column":null}},"2":{"start":{"line":23,"column":6},"end":{"line":23,"column":null}},"3":{"start":{"line":24,"column":6},"end":{"line":24,"column":null}},"4":{"start":{"line":27,"column":6},"end":{"line":27,"column":null}},"5":{"start":{"line":30,"column":6},"end":{"line":30,"column":null}},"6":{"start":{"line":33,"column":6},"end":{"line":33,"column":null}},"7":{"start":{"line":34,"column":6},"end":{"line":34,"column":null}},"8":{"start":{"line":40,"column":2},"end":{"line":40,"column":null}}},"fnMap":{"0":{"name":"(anonymous_0)","decl":{"start":{"line":22,"column":13},"end":{"line":22,"column":14}},"loc":{"start":{"line":22,"column":60},"end":{"line":25,"column":null}},"line":22},"1":{"name":"(anonymous_1)","decl":{"start":{"line":26,"column":16},"end":{"line":26,"column":17}},"loc":{"start":{"line":26,"column":59},"end":{"line":28,"column":null}},"line":26},"2":{"name":"(anonymous_2)","decl":{"start":{"line":29,"column":20},"end":{"line":29,"column":21}},"loc":{"start":{"line":29,"column":63},"end":{"line":31,"column":null}},"line":29},"3":{"name":"(anonymous_3)","decl":{"start":{"line":32,"column":12},"end":{"line":32,"column":13}},"loc":{"start":{"line":32,"column":23},"end":{"line":35,"column":null}},"line":32}},"branchMap":{},"s":{"0":4,"1":4,"2":2,"3":2,"4":2,"5":1,"6":1,"7":1,"8":4},"f":{"0":2,"1":2,"2":1,"3":1},"b":{},"meta":{"lastBranch":0,"lastFunction":4,"lastStatement":9,"seen":{"s:11:32:16:Infinity":0,"s:18:6:37:Infinity":1,"f:22:13:22:14":0,"s:23:6:23:Infinity":2,"s:24:6:24:Infinity":3,"f:26:16:26:17":1,"s:27:6:27:Infinity":4,"f:29:20:29:21":2,"s:30:6:30:Infinity":5,"f:32:12:32:13":3,"s:33:6:33:Infinity":6,"s:34:6:34:Infinity":7,"s:40:2:40:Infinity":8}}}
,"/home/josh/JOSH/fraud/frontend/src/store/slices/notificationSlice.ts": {"path":"/home/josh/JOSH/fraud/frontend/src/store/slices/notificationSlice.ts","statementMap":{"0":{"start":{"line":7,"column":40},"end":{"line":12,"column":null}},"1":{"start":{"line":14,"column":6},"end":{"line":75,"column":null}},"2":{"start":{"line":19,"column":6},"end":{"line":19,"column":null}},"3":{"start":{"line":28,"column":6},"end":{"line":28,"column":null}},"4":{"start":{"line":29,"column":6},"end":{"line":29,"column":null}},"5":{"start":{"line":30,"column":6},"end":{"line":30,"column":null}},"6":{"start":{"line":31,"column":6},"end":{"line":31,"column":null}},"7":{"start":{"line":34,"column":21},"end":{"line":36,"column":null}},"8":{"start":{"line":35,"column":15},"end":{"line":35,"column":null}},"9":{"start":{"line":37,"column":6},"end":{"line":42,"column":null}},"10":{"start":{"line":38,"column":8},"end":{"line":38,"column":null}},"11":{"start":{"line":39,"column":8},"end":{"line":41,"column":null}},"12":{"start":{"line":40,"column":10},"end":{"line":40,"column":null}},"13":{"start":{"line":45,"column":27},"end":{"line":47,"column":null}},"14":{"start":{"line":46,"column":15},"end":{"line":46,"column":null}},"15":{"start":{"line":48,"column":6},"end":{"line":51,"column":null}},"16":{"start":{"line":49,"column":8},"end":{"line":49,"column":null}},"17":{"start":{"line":50,"column":8},"end":{"line":50,"column":null}},"18":{"start":{"line":54,"column":6},"end":{"line":56,"column":null}},"19":{"start":{"line":55,"column":8},"end":{"line":55,"column":null}},"20":{"start":{"line":57,"column":6},"end":{"line":57,"column":null}},"21":{"start":{"line":60,"column":20},"end":{"line":62,"column":null}},"22":{"start":{"line":61,"column":15},"end":{"line":61,"column":null}},"23":{"start":{"line":63,"column":6},"end":{"line":68,"column":null}},"24":{"start":{"line":64,"column":8},"end":{"line":66,"column":null}},"25":{"start":{"line":65,"column":10},"end":{"line":65,"column":null}},"26":{"start":{"line":67,"column":8},"end":{"line":67,"column":null}},"27":{"start":{"line":71,"column":6},"end":{"line":71,"column":null}},"28":{"start":{"line":72,"column":6},"end":{"line":72,"column":null}},"29":{"start":{"line":85,"column":4},"end":{"line":85,"column":null}}},"fnMap":{"0":{"name":"(anonymous_0)","decl":{"start":{"line":18,"column":16},"end":{"line":18,"column":17}},"loc":{"start":{"line":18,"column":59},"end":{"line":20,"column":null}},"line":18},"1":{"name":"(anonymous_1)","decl":{"start":{"line":21,"column":22},"end":{"line":21,"column":null}},"loc":{"start":{"line":27,"column":9},"end":{"line":32,"column":null}},"line":27},"2":{"name":"(anonymous_2)","decl":{"start":{"line":33,"column":21},"end":{"line":33,"column":22}},"loc":{"start":{"line":33,"column":69},"end":{"line":43,"column":null}},"line":33},"3":{"name":"(anonymous_3)","decl":{"start":{"line":35,"column":8},"end":{"line":35,"column":9}},"loc":{"start":{"line":35,"column":15},"end":{"line":35,"column":null}},"line":35},"4":{"name":"(anonymous_4)","decl":{"start":{"line":44,"column":16},"end":{"line":44,"column":17}},"loc":{"start":{"line":44,"column":58},"end":{"line":52,"column":null}},"line":44},"5":{"name":"(anonymous_5)","decl":{"start":{"line":46,"column":8},"end":{"line":46,"column":9}},"loc":{"start":{"line":46,"column":15},"end":{"line":46,"column":null}},"line":46},"6":{"name":"(anonymous_6)","decl":{"start":{"line":53,"column":19},"end":{"line":53,"column":20}},"loc":{"start":{"line":53,"column":30},"end":{"line":58,"column":null}},"line":53},"7":{"name":"(anonymous_7)","decl":{"start":{"line":54,"column":34},"end":{"line":54,"column":35}},"loc":{"start":{"line":54,"column":41},"end":{"line":56,"column":7}},"line":54},"8":{"name":"(anonymous_8)","decl":{"start":{"line":59,"column":24},"end":{"line":59,"column":25}},"loc":{"start":{"line":59,"column":66},"end":{"line":69,"column":null}},"line":59},"9":{"name":"(anonymous_9)","decl":{"start":{"line":61,"column":8},"end":{"line":61,"column":9}},"loc":{"start":{"line":61,"column":15},"end":{"line":61,"column":null}},"line":61},"10":{"name":"(anonymous_10)","decl":{"start":{"line":70,"column":27},"end":{"line":70,"column":28}},"loc":{"start":{"line":70,"column":38},"end":{"line":73,"column":null}},"line":70}},"branchMap":{"0":{"loc":{"start":{"line":37,"column":6},"end":{"line":42,"column":null}},"type":"if","locations":[{"start":{"line":37,"column":6},"end":{"line":42,"column":null}},{"start":{},"end":{}}],"line":37},"1":{"loc":{"start":{"line":39,"column":8},"end":{"line":41,"column":null}},"type":"if","locations":[{"start":{"line":39,"column":8},"end":{"line":41,"column":null}},{"start":{},"end":{}}],"line":39},"2":{"loc":{"start":{"line":48,"column":6},"end":{"line":51,"column":null}},"type":"if","locations":[{"start":{"line":48,"column":6},"end":{"line":51,"column":null}},{"start":{},"end":{}}],"line":48},"3":{"loc":{"start":{"line":48,"column":10},"end":{"line":48,"column":46}},"type":"binary-expr","locations":[{"start":{"line":48,"column":10},"end":{"line":48,"column":26}},{"start":{"line":48,"column":26},"end":{"line":48,"column":46}}],"line":48},"4":{"loc":{"start":{"line":63,"column":6},"end":{"line":68,"column":null}},"type":"if","locations":[{"start":{"line":63,"column":6},"end":{"line":68,"column":null}},{"start":{},"end":{}}],"line":63},"5":{"loc":{"start":{"line":64,"column":8},"end":{"line":66,"column":null}},"type":"if","locations":[{"start":{"line":64,"column":8},"end":{"line":66,"column":null}},{"start":{},"end":{}}],"line":64}},"s":{"0":4,"1":4,"2":1,"3":1,"4":1,"5":1,"6":1,"7":4,"8":1,"9":4,"10":3,"11":3,"12":2,"13":2,"14":2,"15":2,"16":1,"17":1,"18":1,"19":2,"20":1,"21":2,"22":2,"23":2,"24":2,"25":2,"26":2,"27":1,"28":1,"29":4},"f":{"0":1,"1":1,"2":4,"3":1,"4":2,"5":2,"6":1,"7":2,"8":2,"9":2,"10":1},"b":{"0":[3,1],"1":[2,1],"2":[1,1],"3":[2,2],"4":[2,0],"5":[2,0]},"meta":{"lastBranch":6,"lastFunction":11,"lastStatement":30,"seen":{"s:7:40:12:Infinity":0,"s:14:6:75:Infinity":1,"f:18:16:18:17":0,"s:19:6:19:Infinity":2,"f:21:22:21:Infinity":1,"s:28:6:28:Infinity":3,"s:29:6:29:Infinity":4,"s:30:6:30:Infinity":5,"s:31:6:31:Infinity":6,"f:33:21:33:22":2,"s:34:21:36:Infinity":7,"f:35:8:35:9":3,"s:35:15:35:Infinity":8,"b:37:6:42:Infinity:undefined:undefined:undefined:undefined":0,"s:37:6:42:Infinity":9,"s:38:8:38:Infinity":10,"b:39:8:41:Infinity:undefined:undefined:undefined:undefined":1,"s:39:8:41:Infinity":11,"s:40:10:40:Infinity":12,"f:44:16:44:17":4,"s:45:27:47:Infinity":13,"f:46:8:46:9":5,"s:46:15:46:Infinity":14,"b:48:6:51:Infinity:undefined:undefined:undefined:undefined":2,"s:48:6:51:Infinity":15,"b:48:10:48:26:48:26:48:46":3,"s:49:8:49:Infinity":16,"s:50:8:50:Infinity":17,"f:53:19:53:20":6,"s:54:6:56:Infinity":18,"f:54:34:54:35":7,"s:55:8:55:Infinity":19,"s:57:6:57:Infinity":20,"f:59:24:59:25":8,"s:60:20:62:Infinity":21,"f:61:8:61:9":9,"s:61:15:61:Infinity":22,"b:63:6:68:Infinity:undefined:undefined:undefined:undefined":4,"s:63:6:68:Infinity":23,"b:64:8:66:Infinity:undefined:undefined:undefined:undefined":5,"s:64:8:66:Infinity":24,"s:65:10:65:Infinity":25,"s:67:8:67:Infinity":26,"f:70:27:70:28":10,"s:71:6:71:Infinity":27,"s:72:6:72:Infinity":28,"s:85:4:85:Infinity":29}}}
,"/home/josh/JOSH/fraud/frontend/src/store/slices/uiSlice.ts": {"path":"/home/josh/JOSH/fraud/frontend/src/store/slices/uiSlice.ts","statementMap":{"0":{"start":{"line":11,"column":24},"end":{"line":15,"column":null}},"1":{"start":{"line":12,"column":2},"end":{"line":12,"column":null}},"2":{"start":{"line":12,"column":37},"end":{"line":12,"column":null}},"3":{"start":{"line":13,"column":17},"end":{"line":13,"column":null}},"4":{"start":{"line":14,"column":2},"end":{"line":14,"column":null}},"5":{"start":{"line":17,"column":30},"end":{"line":21,"column":null}},"6":{"start":{"line":23,"column":6},"end":{"line":44,"column":null}},"7":{"start":{"line":28,"column":6},"end":{"line":28,"column":null}},"8":{"start":{"line":29,"column":6},"end":{"line":29,"column":null}},"9":{"start":{"line":32,"column":6},"end":{"line":32,"column":null}},"10":{"start":{"line":35,"column":6},"end":{"line":35,"column":null}},"11":{"start":{"line":38,"column":6},"end":{"line":38,"column":null}},"12":{"start":{"line":41,"column":6},"end":{"line":41,"column":null}},"13":{"start":{"line":52,"column":4},"end":{"line":52,"column":null}}},"fnMap":{"0":{"name":"(anonymous_0)","decl":{"start":{"line":11,"column":24},"end":{"line":11,"column":37}},"loc":{"start":{"line":11,"column":37},"end":{"line":15,"column":null}},"line":11},"1":{"name":"(anonymous_1)","decl":{"start":{"line":27,"column":14},"end":{"line":27,"column":15}},"loc":{"start":{"line":27,"column":55},"end":{"line":30,"column":null}},"line":27},"2":{"name":"(anonymous_2)","decl":{"start":{"line":31,"column":19},"end":{"line":31,"column":20}},"loc":{"start":{"line":31,"column":30},"end":{"line":33,"column":null}},"line":31},"3":{"name":"(anonymous_3)","decl":{"start":{"line":34,"column":20},"end":{"line":34,"column":21}},"loc":{"start":{"line":34,"column":63},"end":{"line":36,"column":null}},"line":34},"4":{"name":"(anonymous_4)","decl":{"start":{"line":37,"column":28},"end":{"line":37,"column":29}},"loc":{"start":{"line":37,"column":39},"end":{"line":39,"column":null}},"line":37},"5":{"name":"(anonymous_5)","decl":{"start":{"line":40,"column":25},"end":{"line":40,"column":26}},"loc":{"start":{"line":40,"column":68},"end":{"line":42,"column":null}},"line":40}},"branchMap":{"0":{"loc":{"start":{"line":12,"column":2},"end":{"line":12,"column":null}},"type":"if","locations":[{"start":{"line":12,"column":2},"end":{"line":12,"column":null}},{"start":{},"end":{}}],"line":12},"1":{"loc":{"start":{"line":14,"column":9},"end":{"line":14,"column":null}},"type":"binary-expr","locations":[{"start":{"line":14,"column":9},"end":{"line":14,"column":19}},{"start":{"line":14,"column":19},"end":{"line":14,"column":null}}],"line":14}},"s":{"0":4,"1":4,"2":0,"3":4,"4":4,"5":4,"6":4,"7":3,"8":3,"9":2,"10":2,"11":1,"12":1,"13":4},"f":{"0":4,"1":3,"2":2,"3":2,"4":1,"5":1},"b":{"0":[0,4],"1":[4,4]},"meta":{"lastBranch":2,"lastFunction":6,"lastStatement":14,"seen":{"s:11:24:15:Infinity":0,"f:11:24:11:37":0,"b:12:2:12:Infinity:undefined:undefined:undefined:undefined":0,"s:12:2:12:Infinity":1,"s:12:37:12:Infinity":2,"s:13:17:13:Infinity":3,"s:14:2:14:Infinity":4,"b:14:9:14:19:14:19:14:Infinity":1,"s:17:30:21:Infinity":5,"s:23:6:44:Infinity":6,"f:27:14:27:15":1,"s:28:6:28:Infinity":7,"s:29:6:29:Infinity":8,"f:31:19:31:20":2,"s:32:6:32:Infinity":9,"f:34:20:34:21":3,"s:35:6:35:Infinity":10,"f:37:28:37:29":4,"s:38:6:38:Infinity":11,"f:40:25:40:26":5,"s:41:6:41:Infinity":12,"s:52:4:52:Infinity":13}}}
,"/home/josh/JOSH/fraud/frontend/src/utils/cn.ts": {"path":"/home/josh/JOSH/fraud/frontend/src/utils/cn.ts","statementMap":{"0":{"start":{"line":5,"column":2},"end":{"line":5,"column":null}}},"fnMap":{"0":{"name":"cn","decl":{"start":{"line":4,"column":16},"end":{"line":4,"column":22}},"loc":{"start":{"line":4,"column":52},"end":{"line":6,"column":null}},"line":4}},"branchMap":{},"s":{"0":131},"f":{"0":131},"b":{},"meta":{"lastBranch":0,"lastFunction":1,"lastStatement":1,"seen":{"f:4:16:4:22":0,"s:5:2:5:Infinity":0}}}
,"/home/josh/JOSH/fraud/frontend/src/utils/date.ts": {"path":"/home/josh/JOSH/fraud/frontend/src/utils/date.ts","statementMap":{"0":{"start":{"line":4,"column":0},"end":{"line":4,"column":null}},"1":{"start":{"line":13,"column":2},"end":{"line":13,"column":null}},"2":{"start":{"line":18,"column":2},"end":{"line":18,"column":null}},"3":{"start":{"line":23,"column":2},"end":{"line":23,"column":null}},"4":{"start":{"line":28,"column":2},"end":{"line":28,"column":null}},"5":{"start":{"line":33,"column":2},"end":{"line":33,"column":null}},"6":{"start":{"line":38,"column":2},"end":{"line":38,"column":null}},"7":{"start":{"line":43,"column":2},"end":{"line":43,"column":null}}},"fnMap":{"0":{"name":"formatDateTime","decl":{"start":{"line":12,"column":16},"end":{"line":12,"column":31}},"loc":{"start":{"line":12,"column":60},"end":{"line":14,"column":null}},"line":12},"1":{"name":"formatDate","decl":{"start":{"line":17,"column":16},"end":{"line":17,"column":27}},"loc":{"start":{"line":17,"column":56},"end":{"line":19,"column":null}},"line":17},"2":{"name":"formatShortDateTime","decl":{"start":{"line":22,"column":16},"end":{"line":22,"column":36}},"loc":{"start":{"line":22,"column":65},"end":{"line":24,"column":null}},"line":22},"3":{"name":"formatTime","decl":{"start":{"line":27,"column":16},"end":{"line":27,"column":27}},"loc":{"start":{"line":27,"column":56},"end":{"line":29,"column":null}},"line":27},"4":{"name":"formatRelativeTime","decl":{"start":{"line":32,"column":16},"end":{"line":32,"column":35}},"loc":{"start":{"line":32,"column":64},"end":{"line":34,"column":null}},"line":32},"5":{"name":"formatISODate","decl":{"start":{"line":37,"column":16},"end":{"line":37,"column":30}},"loc":{"start":{"line":37,"column":59},"end":{"line":39,"column":null}},"line":37},"6":{"name":"formatISODateTime","decl":{"start":{"line":42,"column":16},"end":{"line":42,"column":34}},"loc":{"start":{"line":42,"column":63},"end":{"line":44,"column":null}},"line":42}},"branchMap":{},"s":{"0":15,"1":2,"2":1,"3":1,"4":1,"5":1,"6":1,"7":1},"f":{"0":2,"1":1,"2":1,"3":1,"4":1,"5":1,"6":1},"b":{},"meta":{"lastBranch":0,"lastFunction":7,"lastStatement":8,"seen":{"s:4:0:4:Infinity":0,"f:12:16:12:31":0,"s:13:2:13:Infinity":1,"f:17:16:17:27":1,"s:18:2:18:Infinity":2,"f:22:16:22:36":2,"s:23:2:23:Infinity":3,"f:27:16:27:27":3,"s:28:2:28:Infinity":4,"f:32:16:32:35":4,"s:33:2:33:Infinity":5,"f:37:16:37:30":5,"s:38:2:38:Infinity":6,"f:42:16:42:34":6,"s:43:2:43:Infinity":7}}}
}
